[2019-04-18 02:13:53.804] [exthost] [info] extension host started
[2019-04-18 02:13:54.303] [exthost] [info] ExtensionService#_doActivateExtension vscode.debug-auto-launch {"startup":true,"activationEvent":"*"}
[2019-04-18 02:13:54.304] [exthost] [info] ExtensionService#loadCommonJSModule /usr/share/code/resources/app/extensions/debug-auto-launch/dist/extension
[2019-04-18 02:13:54.351] [exthost] [info] ExtensionService#_doActivateExtension vscode.emmet {"startup":true,"activationEvent":"*"}
[2019-04-18 02:13:54.353] [exthost] [info] ExtensionService#loadCommonJSModule /usr/share/code/resources/app/extensions/emmet/dist/extension
[2019-04-18 02:13:54.507] [exthost] [info] ExtensionService#_doActivateExtension vscode.git {"startup":true,"activationEvent":"*"}
[2019-04-18 02:13:54.507] [exthost] [info] ExtensionService#loadCommonJSModule /usr/share/code/resources/app/extensions/git/dist/main
[2019-04-18 02:13:55.291] [exthost] [info] ExtensionService#_doActivateExtension vscode.merge-conflict {"startup":true,"activationEvent":"*"}
[2019-04-18 02:13:55.291] [exthost] [info] ExtensionService#loadCommonJSModule /usr/share/code/resources/app/extensions/merge-conflict/dist/extension
[2019-04-18 02:13:55.325] [exthost] [info] ExtensionService#_doActivateExtension CoenraadS.bracket-pair-colorizer {"startup":true,"activationEvent":"*"}
[2019-04-18 02:13:55.325] [exthost] [info] ExtensionService#loadCommonJSModule /home/andy/.vscode/extensions/coenraads.bracket-pair-colorizer-1.0.61/out/src/extension
[2019-04-18 02:13:55.448] [exthost] [info] ExtensionService#_doActivateExtension HookyQR.beautify {"startup":true,"activationEvent":"*"}
[2019-04-18 02:13:55.448] [exthost] [info] ExtensionService#loadCommonJSModule /home/andy/.vscode/extensions/hookyqr.beautify-1.4.11/extension
[2019-04-18 02:13:55.975] [exthost] [info] ExtensionService#_doActivateExtension PKief.material-icon-theme {"startup":true,"activationEvent":"*"}
[2019-04-18 02:13:55.975] [exthost] [info] ExtensionService#loadCommonJSModule /home/andy/.vscode/extensions/pkief.material-icon-theme-3.7.0/dist/extension
[2019-04-18 02:13:56.141] [exthost] [info] ExtensionService#_doActivateExtension ritwickdey.LiveServer {"startup":true,"activationEvent":"*"}
[2019-04-18 02:13:56.142] [exthost] [info] ExtensionService#loadCommonJSModule /home/andy/.vscode/extensions/ritwickdey.liveserver-5.6.1/out/src/extension
[2019-04-18 02:14:01.752] [exthost] [info] eager extensions activated
[2019-04-18 02:14:10.820] [exthost] [info] extension host started
[2019-04-18 02:14:11.184] [exthost] [info] ExtensionService#_doActivateExtension vscode.debug-auto-launch {"startup":true,"activationEvent":"*"}
[2019-04-18 02:14:11.184] [exthost] [info] ExtensionService#loadCommonJSModule /usr/share/code/resources/app/extensions/debug-auto-launch/dist/extension
[2019-04-18 02:14:11.213] [exthost] [info] ExtensionService#_doActivateExtension vscode.emmet {"startup":true,"activationEvent":"*"}
[2019-04-18 02:14:11.213] [exthost] [info] ExtensionService#loadCommonJSModule /usr/share/code/resources/app/extensions/emmet/dist/extension
[2019-04-18 02:14:11.387] [exthost] [info] ExtensionService#_doActivateExtension vscode.git {"startup":true,"activationEvent":"*"}
[2019-04-18 02:14:11.387] [exthost] [info] ExtensionService#loadCommonJSModule /usr/share/code/resources/app/extensions/git/dist/main
[2019-04-18 02:14:12.667] [exthost] [info] ExtensionService#_doActivateExtension vscode.merge-conflict {"startup":true,"activationEvent":"*"}
[2019-04-18 02:14:12.667] [exthost] [info] ExtensionService#loadCommonJSModule /usr/share/code/resources/app/extensions/merge-conflict/dist/extension
[2019-04-18 02:14:12.731] [exthost] [info] ExtensionService#_doActivateExtension CoenraadS.bracket-pair-colorizer {"startup":true,"activationEvent":"*"}
[2019-04-18 02:14:12.731] [exthost] [info] ExtensionService#loadCommonJSModule /home/andy/.vscode/extensions/coenraads.bracket-pair-colorizer-1.0.61/out/src/extension
[2019-04-18 02:14:12.934] [exthost] [info] ExtensionService#_doActivateExtension HookyQR.beautify {"startup":true,"activationEvent":"*"}
[2019-04-18 02:14:12.934] [exthost] [info] ExtensionService#loadCommonJSModule /home/andy/.vscode/extensions/hookyqr.beautify-1.4.11/extension
[2019-04-18 02:14:13.354] [exthost] [info] ExtensionService#_doActivateExtension PKief.material-icon-theme {"startup":true,"activationEvent":"*"}
[2019-04-18 02:14:13.354] [exthost] [info] ExtensionService#loadCommonJSModule /home/andy/.vscode/extensions/pkief.material-icon-theme-3.7.0/dist/extension
[2019-04-18 02:14:13.528] [exthost] [info] ExtensionService#_doActivateExtension ritwickdey.LiveServer {"startup":true,"activationEvent":"*"}
[2019-04-18 02:14:13.528] [exthost] [info] ExtensionService#loadCommonJSModule /home/andy/.vscode/extensions/ritwickdey.liveserver-5.6.1/out/src/extension
[2019-04-18 02:14:16.257] [exthost] [info] ExtensionService#_doActivateExtension vscode.html-language-features {"startup":false,"activationEvent":"onLanguage:html"}
[2019-04-18 02:14:16.257] [exthost] [info] ExtensionService#loadCommonJSModule /usr/share/code/resources/app/extensions/html-language-features/client/dist/htmlMain
[2019-04-18 02:14:17.223] [exthost] [info] eager extensions activated
